\BOOKMARK [0][-]{chapter*.1}{Ehrenw\366rtliche Erkl\344rung}{}% 1
\BOOKMARK [0][-]{chapter*.3}{Abk\374rzungsverzeichnis}{}% 2
\BOOKMARK [0][-]{chapter.1}{Einleitung}{}% 3
\BOOKMARK [1][-]{section.1.1}{Polyfills mit webcomponents.js}{chapter.1}% 4
\BOOKMARK [2][-]{subsection.1.1.1}{Native Browserunterst\374tzung von Web Components}{section.1.1}% 5
\BOOKMARK [2][-]{subsection.1.1.2}{Polyfill webcomponents.js}{section.1.1}% 6
\BOOKMARK [2][-]{subsection.1.1.3}{Browserunterst\374zung}{section.1.1}% 7
\BOOKMARK [2][-]{subsection.1.1.4}{Performance}{section.1.1}% 8
\BOOKMARK [0][-]{chapter.2}{Grundlagen}{}% 9
\BOOKMARK [1][-]{section.2.1}{tbd}{chapter.2}% 10
\BOOKMARK [2][-]{subsection.2.1.1}{tbd}{section.2.1}% 11
\BOOKMARK [0][-]{chapter.3}{Codebeispiel}{}% 12
\BOOKMARK [1][-]{section.3.1}{tbd}{chapter.3}% 13
\BOOKMARK [0][-]{chapter.4}{Bilder}{}% 14
\BOOKMARK [1][-]{section.4.1}{Ein Bild ganz breit}{chapter.4}% 15
\BOOKMARK [1][-]{section.4.2}{Zwei Bilder nebeneinander}{chapter.4}% 16
\BOOKMARK [0][-]{chapter.5}{Tabelle}{}% 17
\BOOKMARK [1][-]{section.5.1}{tbd}{chapter.5}% 18
\BOOKMARK [0][-]{chapter.6}{Quellen verwenden / verwalten}{}% 19
\BOOKMARK [1][-]{section.6.1}{Verwenden}{chapter.6}% 20
\BOOKMARK [0][-]{chapter.7}{Zukunftsprognose}{}% 21
\BOOKMARK [0][-]{chapter*.10}{Abbildungsverzeichnis}{}% 22
\BOOKMARK [0][-]{chapter*.11}{Listings}{}% 23
\BOOKMARK [0][-]{chapter*.12}{Tabellenverzeichnis}{}% 24
\BOOKMARK [0][-]{chapter*.14}{Literaturverzeichnis}{}% 25
