This is pdfTeX, Version 3.14159265-2.6-1.40.16 (MiKTeX 2.9) (preloaded format=pdflatex 2015.11.20)  5 FEB 2016 12:55
entering extended mode
**thesis.tex
(thesis.tex
LaTeX2e <2015/01/01> patch level 2
Babel <3.9m> and hyphenation patterns for 69 languages loaded.
("C:\Program Files (x86)\MiKTeX 2.9\tex\latex\koma-script\scrreprt.cls"
Document Class: scrreprt 2015/10/03 v3.19a KOMA-Script document class (report)
("C:\Program Files (x86)\MiKTeX 2.9\tex\latex\koma-script\scrkbase.sty"
Package: scrkbase 2015/10/03 v3.19a KOMA-Script package (KOMA-Script-dependent 
basics and keyval usage)

("C:\Program Files (x86)\MiKTeX 2.9\tex\latex\koma-script\scrbase.sty"
Package: scrbase 2015/10/03 v3.19a KOMA-Script package (KOMA-Script-independent
 basics and keyval usage)

("C:\Program Files (x86)\MiKTeX 2.9\tex\latex\graphics\keyval.sty"
Package: keyval 2014/10/28 v1.15 key=value parser (DPC)
\KV@toks@=\toks14
)
("C:\Program Files (x86)\MiKTeX 2.9\tex\latex\koma-script\scrlfile.sty"
Package: scrlfile 2015/10/03 v3.19a KOMA-Script package (loading files)

Package scrlfile, 2015/10/03 v3.19a KOMA-Script package (loading files)
                  Copyright (C) Markus Kohm

))) ("C:\Program Files (x86)\MiKTeX 2.9\tex\latex\koma-script\tocbasic.sty"
Package: tocbasic 2015/10/03 v3.19a KOMA-Script package (handling toc-files)
)
Package tocbasic Info: omitting babel extension for `toc'
(tocbasic)             because of feature `nobabel' available
(tocbasic)             for `toc' on input line 125.
Package tocbasic Info: omitting babel extension for `lof'
(tocbasic)             because of feature `nobabel' available
(tocbasic)             for `lof' on input line 126.
Package tocbasic Info: omitting babel extension for `lot'
(tocbasic)             because of feature `nobabel' available
(tocbasic)             for `lot' on input line 127.
Package tocbasic Info: defining new hook before heading of `' on input line 158
8.
Package scrreprt Info: You've used standard option `11pt'.
(scrreprt)             This is correct!
(scrreprt)             Internally I'm using `fontsize=11pt'.
(scrreprt)             If you'd like to set the option with \KOMAoptions,
(scrreprt)             you'd have to use `fontsize=11pt' there
(scrreprt)             instead of `11pt', too.
Class scrreprt Info: File `scrsize11pt.clo' used to setup font sizes on input l
ine 2248.

("C:\Program Files (x86)\MiKTeX 2.9\tex\latex\koma-script\scrsize11pt.clo"
File: scrsize11pt.clo 2015/10/03 v3.19a KOMA-Script font size class option (11p
t)
)
("C:\Program Files (x86)\MiKTeX 2.9\tex\latex\koma-script\typearea.sty"
Package: typearea 2015/10/03 v3.19a KOMA-Script package (type area)

Package typearea, 2015/10/03 v3.19a KOMA-Script package (type area)
                  Copyright (C) Frank Neukam, 1992-1994
                  Copyright (C) Markus Kohm, 1994-

\ta@bcor=\skip41
\ta@div=\count79
Package typearea Info: You've used standard option `a4paper'.
(typearea)             This is correct!
(typearea)             Internally I'm using `paper=a4'.
(typearea)             If you'd like to set the option with \KOMAoptions,
(typearea)             you'd have to use `paper=a4' there
(typearea)             instead of `a4paper', too.
\ta@hblk=\skip42
\ta@vblk=\skip43
\ta@temp=\skip44
\footheight=\skip45
Package typearea Info: These are the values describing the layout:
(typearea)             DIV  = 10
(typearea)             BCOR = 0.0pt
(typearea)             \paperwidth      = 597.50793pt
(typearea)              \textwidth      = 418.25555pt
(typearea)              DIV departure   = -6%
(typearea)              \evensidemargin = 17.3562pt
(typearea)              \oddsidemargin  = 17.3562pt
(typearea)             \paperheight     = 845.04694pt
(typearea)              \textheight     = 595.80026pt
(typearea)              \topmargin      = -25.16531pt
(typearea)              \headheight     = 17.0pt
(typearea)              \headsep        = 20.40001pt
(typearea)              \topskip        = 11.0pt
(typearea)              \footskip       = 47.6pt
(typearea)              \baselineskip   = 13.6pt
(typearea)              on input line 1509.
)
\c@part=\count80
\c@chapter=\count81
\c@section=\count82
\c@subsection=\count83
\c@subsubsection=\count84
\c@paragraph=\count85
\c@subparagraph=\count86
LaTeX Info: Redefining \textsubscript on input line 4652.
\abovecaptionskip=\skip46
\belowcaptionskip=\skip47
\c@pti@nb@sid@b@x=\box26
\c@figure=\count87
\c@table=\count88
\bibindent=\dimen102
) (preamble/pakete.tex
("C:\Program Files (x86)\MiKTeX 2.9\tex\latex\graphics\graphicx.sty"
Package: graphicx 2014/10/28 v1.0g Enhanced LaTeX Graphics (DPC,SPQR)

("C:\Program Files (x86)\MiKTeX 2.9\tex\latex\graphics\graphics.sty"
Package: graphics 2014/10/28 v1.0p Standard LaTeX Graphics (DPC,SPQR)

("C:\Program Files (x86)\MiKTeX 2.9\tex\latex\graphics\trig.sty"
Package: trig 1999/03/16 v1.09 sin cos tan (DPC)
)
("C:\Program Files (x86)\MiKTeX 2.9\tex\latex\00miktex\graphics.cfg"
File: graphics.cfg 2007/01/18 v1.5 graphics configuration of teTeX/TeXLive
)
Package graphics Info: Driver file: pdftex.def on input line 94.

("C:\Program Files (x86)\MiKTeX 2.9\tex\latex\pdftex-def\pdftex.def"
File: pdftex.def 2011/05/27 v0.06d Graphics/color for pdfTeX

("C:\Program Files (x86)\MiKTeX 2.9\tex\generic\oberdiek\infwarerr.sty"
Package: infwarerr 2010/04/08 v1.3 Providing info/warning/error messages (HO)
)
("C:\Program Files (x86)\MiKTeX 2.9\tex\generic\oberdiek\ltxcmds.sty"
Package: ltxcmds 2011/11/09 v1.22 LaTeX kernel commands for general use (HO)
)
\Gread@gobject=\count89
))
\Gin@req@height=\dimen103
\Gin@req@width=\dimen104
)
(C:\Users\stonon\AppData\Roaming\MiKTeX\2.9\tex\latex\ntgclass\a4.sty
Package: a4 2004/04/15 v1.2g A4 based page layout
)
(C:\Users\stonon\AppData\Roaming\MiKTeX\2.9\tex\latex\german\german.sty
v2.5e 1998-07-08
Package: german 1998/07/08 v2.5e Support for writing german texts (br)
\grmnU@D=\dimen105
german -- \language number for Austrian undefined, default 23 used.
)
("C:\Program Files (x86)\MiKTeX 2.9\tex\latex\base\inputenc.sty"
Package: inputenc 2015/03/17 v1.2c Input encoding file
\inpenc@prehook=\toks15
\inpenc@posthook=\toks16

("C:\Program Files (x86)\MiKTeX 2.9\tex\latex\base\utf8.def"
File: utf8.def 2015/06/27 v1.1n UTF-8 support for inputenc
Now handling font encoding OML ...
... no UTF-8 mapping file for font encoding OML
Now handling font encoding T1 ...
... processing UTF-8 mapping file for font encoding T1

("C:\Program Files (x86)\MiKTeX 2.9\tex\latex\base\t1enc.dfu"
File: t1enc.dfu 2015/06/27 v1.1n UTF-8 support for inputenc
   defining Unicode char U+00A1 (decimal 161)
   defining Unicode char U+00A3 (decimal 163)
   defining Unicode char U+00AB (decimal 171)
   defining Unicode char U+00BB (decimal 187)
   defining Unicode char U+00BF (decimal 191)
   defining Unicode char U+00C0 (decimal 192)
   defining Unicode char U+00C1 (decimal 193)
   defining Unicode char U+00C2 (decimal 194)
   defining Unicode char U+00C3 (decimal 195)
   defining Unicode char U+00C4 (decimal 196)
   defining Unicode char U+00C5 (decimal 197)
   defining Unicode char U+00C6 (decimal 198)
   defining Unicode char U+00C7 (decimal 199)
   defining Unicode char U+00C8 (decimal 200)
   defining Unicode char U+00C9 (decimal 201)
   defining Unicode char U+00CA (decimal 202)
   defining Unicode char U+00CB (decimal 203)
   defining Unicode char U+00CC (decimal 204)
   defining Unicode char U+00CD (decimal 205)
   defining Unicode char U+00CE (decimal 206)
   defining Unicode char U+00CF (decimal 207)
   defining Unicode char U+00D0 (decimal 208)
   defining Unicode char U+00D1 (decimal 209)
   defining Unicode char U+00D2 (decimal 210)
   defining Unicode char U+00D3 (decimal 211)
   defining Unicode char U+00D4 (decimal 212)
   defining Unicode char U+00D5 (decimal 213)
   defining Unicode char U+00D6 (decimal 214)
   defining Unicode char U+00D8 (decimal 216)
   defining Unicode char U+00D9 (decimal 217)
   defining Unicode char U+00DA (decimal 218)
   defining Unicode char U+00DB (decimal 219)
   defining Unicode char U+00DC (decimal 220)
   defining Unicode char U+00DD (decimal 221)
   defining Unicode char U+00DE (decimal 222)
   defining Unicode char U+00DF (decimal 223)
   defining Unicode char U+00E0 (decimal 224)
   defining Unicode char U+00E1 (decimal 225)
   defining Unicode char U+00E2 (decimal 226)
   defining Unicode char U+00E3 (decimal 227)
   defining Unicode char U+00E4 (decimal 228)
   defining Unicode char U+00E5 (decimal 229)
   defining Unicode char U+00E6 (decimal 230)
   defining Unicode char U+00E7 (decimal 231)
   defining Unicode char U+00E8 (decimal 232)
   defining Unicode char U+00E9 (decimal 233)
   defining Unicode char U+00EA (decimal 234)
   defining Unicode char U+00EB (decimal 235)
   defining Unicode char U+00EC (decimal 236)
   defining Unicode char U+00ED (decimal 237)
   defining Unicode char U+00EE (decimal 238)
   defining Unicode char U+00EF (decimal 239)
   defining Unicode char U+00F0 (decimal 240)
   defining Unicode char U+00F1 (decimal 241)
   defining Unicode char U+00F2 (decimal 242)
   defining Unicode char U+00F3 (decimal 243)
   defining Unicode char U+00F4 (decimal 244)
   defining Unicode char U+00F5 (decimal 245)
   defining Unicode char U+00F6 (decimal 246)
   defining Unicode char U+00F8 (decimal 248)
   defining Unicode char U+00F9 (decimal 249)
   defining Unicode char U+00FA (decimal 250)
   defining Unicode char U+00FB (decimal 251)
   defining Unicode char U+00FC (decimal 252)
   defining Unicode char U+00FD (decimal 253)
   defining Unicode char U+00FE (decimal 254)
   defining Unicode char U+00FF (decimal 255)
   defining Unicode char U+0102 (decimal 258)
   defining Unicode char U+0103 (decimal 259)
   defining Unicode char U+0104 (decimal 260)
   defining Unicode char U+0105 (decimal 261)
   defining Unicode char U+0106 (decimal 262)
   defining Unicode char U+0107 (decimal 263)
   defining Unicode char U+010C (decimal 268)
   defining Unicode char U+010D (decimal 269)
   defining Unicode char U+010E (decimal 270)
   defining Unicode char U+010F (decimal 271)
   defining Unicode char U+0110 (decimal 272)
   defining Unicode char U+0111 (decimal 273)
   defining Unicode char U+0118 (decimal 280)
   defining Unicode char U+0119 (decimal 281)
   defining Unicode char U+011A (decimal 282)
   defining Unicode char U+011B (decimal 283)
   defining Unicode char U+011E (decimal 286)
   defining Unicode char U+011F (decimal 287)
   defining Unicode char U+0130 (decimal 304)
   defining Unicode char U+0131 (decimal 305)
   defining Unicode char U+0132 (decimal 306)
   defining Unicode char U+0133 (decimal 307)
   defining Unicode char U+0139 (decimal 313)
   defining Unicode char U+013A (decimal 314)
   defining Unicode char U+013D (decimal 317)
   defining Unicode char U+013E (decimal 318)
   defining Unicode char U+0141 (decimal 321)
   defining Unicode char U+0142 (decimal 322)
   defining Unicode char U+0143 (decimal 323)
   defining Unicode char U+0144 (decimal 324)
   defining Unicode char U+0147 (decimal 327)
   defining Unicode char U+0148 (decimal 328)
   defining Unicode char U+014A (decimal 330)
   defining Unicode char U+014B (decimal 331)
   defining Unicode char U+0150 (decimal 336)
   defining Unicode char U+0151 (decimal 337)
   defining Unicode char U+0152 (decimal 338)
   defining Unicode char U+0153 (decimal 339)
   defining Unicode char U+0154 (decimal 340)
   defining Unicode char U+0155 (decimal 341)
   defining Unicode char U+0158 (decimal 344)
   defining Unicode char U+0159 (decimal 345)
   defining Unicode char U+015A (decimal 346)
   defining Unicode char U+015B (decimal 347)
   defining Unicode char U+015E (decimal 350)
   defining Unicode char U+015F (decimal 351)
   defining Unicode char U+0160 (decimal 352)
   defining Unicode char U+0161 (decimal 353)
   defining Unicode char U+0162 (decimal 354)
   defining Unicode char U+0163 (decimal 355)
   defining Unicode char U+0164 (decimal 356)
   defining Unicode char U+0165 (decimal 357)
   defining Unicode char U+016E (decimal 366)
   defining Unicode char U+016F (decimal 367)
   defining Unicode char U+0170 (decimal 368)
   defining Unicode char U+0171 (decimal 369)
   defining Unicode char U+0178 (decimal 376)
   defining Unicode char U+0179 (decimal 377)
   defining Unicode char U+017A (decimal 378)
   defining Unicode char U+017B (decimal 379)
   defining Unicode char U+017C (decimal 380)
   defining Unicode char U+017D (decimal 381)
   defining Unicode char U+017E (decimal 382)
   defining Unicode char U+200C (decimal 8204)
   defining Unicode char U+2013 (decimal 8211)
   defining Unicode char U+2014 (decimal 8212)
   defining Unicode char U+2018 (decimal 8216)
   defining Unicode char U+2019 (decimal 8217)
   defining Unicode char U+201A (decimal 8218)
   defining Unicode char U+201C (decimal 8220)
   defining Unicode char U+201D (decimal 8221)
   defining Unicode char U+201E (decimal 8222)
   defining Unicode char U+2030 (decimal 8240)
   defining Unicode char U+2031 (decimal 8241)
   defining Unicode char U+2039 (decimal 8249)
   defining Unicode char U+203A (decimal 8250)
   defining Unicode char U+2423 (decimal 9251)
)
Now handling font encoding OT1 ...
... processing UTF-8 mapping file for font encoding OT1

("C:\Program Files (x86)\MiKTeX 2.9\tex\latex\base\ot1enc.dfu"
File: ot1enc.dfu 2015/06/27 v1.1n UTF-8 support for inputenc
   defining Unicode char U+00A1 (decimal 161)
   defining Unicode char U+00A3 (decimal 163)
   defining Unicode char U+00B8 (decimal 184)
   defining Unicode char U+00BF (decimal 191)
   defining Unicode char U+00C5 (decimal 197)
   defining Unicode char U+00C6 (decimal 198)
   defining Unicode char U+00D8 (decimal 216)
   defining Unicode char U+00DF (decimal 223)
   defining Unicode char U+00E6 (decimal 230)
   defining Unicode char U+00EC (decimal 236)
   defining Unicode char U+00ED (decimal 237)
   defining Unicode char U+00EE (decimal 238)
   defining Unicode char U+00EF (decimal 239)
   defining Unicode char U+00F8 (decimal 248)
   defining Unicode char U+0131 (decimal 305)
   defining Unicode char U+0141 (decimal 321)
   defining Unicode char U+0142 (decimal 322)
   defining Unicode char U+0152 (decimal 338)
   defining Unicode char U+0153 (decimal 339)
   defining Unicode char U+2013 (decimal 8211)
   defining Unicode char U+2014 (decimal 8212)
   defining Unicode char U+2018 (decimal 8216)
   defining Unicode char U+2019 (decimal 8217)
   defining Unicode char U+201C (decimal 8220)
   defining Unicode char U+201D (decimal 8221)
)
Now handling font encoding OMS ...
... processing UTF-8 mapping file for font encoding OMS

("C:\Program Files (x86)\MiKTeX 2.9\tex\latex\base\omsenc.dfu"
File: omsenc.dfu 2015/06/27 v1.1n UTF-8 support for inputenc
   defining Unicode char U+00A7 (decimal 167)
   defining Unicode char U+00B6 (decimal 182)
   defining Unicode char U+00B7 (decimal 183)
   defining Unicode char U+2020 (decimal 8224)
   defining Unicode char U+2021 (decimal 8225)
   defining Unicode char U+2022 (decimal 8226)
)
Now handling font encoding OMX ...
... no UTF-8 mapping file for font encoding OMX
Now handling font encoding U ...
... no UTF-8 mapping file for font encoding U
   defining Unicode char U+00A9 (decimal 169)
   defining Unicode char U+00AA (decimal 170)
   defining Unicode char U+00AE (decimal 174)
   defining Unicode char U+00BA (decimal 186)
   defining Unicode char U+02C6 (decimal 710)
   defining Unicode char U+02DC (decimal 732)
   defining Unicode char U+200C (decimal 8204)
   defining Unicode char U+2026 (decimal 8230)
   defining Unicode char U+2122 (decimal 8482)
   defining Unicode char U+2423 (decimal 9251)
))
(C:\Users\stonon\AppData\Roaming\MiKTeX\2.9\tex\latex\acronym\acronym.sty
Package: acronym 2015/03/21 v1.41 Support for acronyms (Tobias Oetiker)

("C:\Program Files (x86)\MiKTeX 2.9\tex\latex\bigfoot\suffix.sty"
Package: suffix 2006/07/15 1.5a Variant command support
)
(C:\Users\stonon\AppData\Roaming\MiKTeX\2.9\tex\latex\xstring\xstring.sty
(C:\Users\stonon\AppData\Roaming\MiKTeX\2.9\tex\generic\xstring\xstring.tex
\@xs@message=\write3
\integerpart=\count90
\decimalpart=\count91
)
Package: xstring 2013/10/13  v1.7c  String manipulations (C Tellechea)
)
\AC@clearlist=\toks17
)
(C:\Users\stonon\AppData\Roaming\MiKTeX\2.9\tex\latex\todonotes\todonotes.sty
Package: todonotes 2015/07/09 .dtx Todonotes source and documentation.
Package: todonotes 2012/07/25

("C:\Program Files (x86)\MiKTeX 2.9\tex\latex\base\ifthen.sty"
Package: ifthen 2014/09/29 v1.1c Standard LaTeX ifthen package (DPC)
)
("C:\Program Files (x86)\MiKTeX 2.9\tex\latex\xkeyval\xkeyval.sty"
Package: xkeyval 2014/12/03 v2.7a package option processing (HA)

("C:\Program Files (x86)\MiKTeX 2.9\tex\generic\xkeyval\xkeyval.tex"
("C:\Program Files (x86)\MiKTeX 2.9\tex\generic\xkeyval\xkvutils.tex"
\XKV@toks=\toks18
\XKV@tempa@toks=\toks19
)
\XKV@depth=\count92
File: xkeyval.tex 2014/12/03 v2.7a key=value parser (HA)
))
("C:\Program Files (x86)\MiKTeX 2.9\tex\latex\xcolor\xcolor.sty"
Package: xcolor 2007/01/21 v2.11 LaTeX color extensions (UK)

("C:\Program Files (x86)\MiKTeX 2.9\tex\latex\00miktex\color.cfg"
File: color.cfg 2007/01/18 v1.5 color configuration of teTeX/TeXLive
)
Package xcolor Info: Driver file: pdftex.def on input line 225.
Package xcolor Info: Model `cmy' substituted by `cmy0' on input line 1337.
Package xcolor Info: Model `hsb' substituted by `rgb' on input line 1341.
Package xcolor Info: Model `RGB' extended on input line 1353.
Package xcolor Info: Model `HTML' substituted by `rgb' on input line 1355.
Package xcolor Info: Model `Hsb' substituted by `hsb' on input line 1356.
Package xcolor Info: Model `tHsb' substituted by `hsb' on input line 1357.
Package xcolor Info: Model `HSB' substituted by `hsb' on input line 1358.
Package xcolor Info: Model `Gray' substituted by `gray' on input line 1359.
Package xcolor Info: Model `wave' substituted by `hsb' on input line 1360.
)
("C:\Program Files (x86)\MiKTeX 2.9\tex\latex\pgf\frontendlayer\tikz.sty"
("C:\Program Files (x86)\MiKTeX 2.9\tex\latex\pgf\basiclayer\pgf.sty"
("C:\Program Files (x86)\MiKTeX 2.9\tex\latex\pgf\utilities\pgfrcs.sty"
("C:\Program Files (x86)\MiKTeX 2.9\tex\generic\pgf\utilities\pgfutil-common.te
x"
\pgfutil@everybye=\toks20
\pgfutil@tempdima=\dimen106
\pgfutil@tempdimb=\dimen107

("C:\Program Files (x86)\MiKTeX 2.9\tex\generic\pgf\utilities\pgfutil-common-li
sts.tex"))
("C:\Program Files (x86)\MiKTeX 2.9\tex\generic\pgf\utilities\pgfutil-latex.def
"
\pgfutil@abb=\box27
 ("C:\Program Files (x86)\MiKTeX 2.9\tex\latex\ms\everyshi.sty"
Package: everyshi 2001/05/15 v3.00 EveryShipout Package (MS)
))
("C:\Program Files (x86)\MiKTeX 2.9\tex\generic\pgf\utilities\pgfrcs.code.tex"
Package: pgfrcs 2015/08/07 v3.0.1a (rcs-revision 1.31)
))
Package: pgf 2015/08/07 v3.0.1a (rcs-revision 1.15)
 ("C:\Program Files (x86)\MiKTeX 2.9\tex\latex\pgf\basiclayer\pgfcore.sty"
("C:\Program Files (x86)\MiKTeX 2.9\tex\latex\pgf\systemlayer\pgfsys.sty"
("C:\Program Files (x86)\MiKTeX 2.9\tex\generic\pgf\systemlayer\pgfsys.code.tex
"
Package: pgfsys 2014/07/09 v3.0.1a (rcs-revision 1.48)
 ("C:\Program Files (x86)\MiKTeX 2.9\tex\generic\pgf\utilities\pgfkeys.code.tex
"
\pgfkeys@pathtoks=\toks21
\pgfkeys@temptoks=\toks22

("C:\Program Files (x86)\MiKTeX 2.9\tex\generic\pgf\utilities\pgfkeysfiltered.c
ode.tex"
\pgfkeys@tmptoks=\toks23
))
\pgf@x=\dimen108
\pgf@y=\dimen109
\pgf@xa=\dimen110
\pgf@ya=\dimen111
\pgf@xb=\dimen112
\pgf@yb=\dimen113
\pgf@xc=\dimen114
\pgf@yc=\dimen115
\w@pgf@writea=\write4
\r@pgf@reada=\read1
\c@pgf@counta=\count93
\c@pgf@countb=\count94
\c@pgf@countc=\count95
\c@pgf@countd=\count96
\t@pgf@toka=\toks24
\t@pgf@tokb=\toks25
\t@pgf@tokc=\toks26

("C:\Program Files (x86)\MiKTeX 2.9\tex\generic\pgf\systemlayer\pgf.cfg"
File: pgf.cfg 2008/05/14  (rcs-revision 1.7)
)
Driver file for pgf: pgfsys-pdftex.def

("C:\Program Files (x86)\MiKTeX 2.9\tex\generic\pgf\systemlayer\pgfsys-pdftex.d
ef"
File: pgfsys-pdftex.def 2014/10/11  (rcs-revision 1.35)

("C:\Program Files (x86)\MiKTeX 2.9\tex\generic\pgf\systemlayer\pgfsys-common-p
df.def"
File: pgfsys-common-pdf.def 2013/10/10  (rcs-revision 1.13)
)))
("C:\Program Files (x86)\MiKTeX 2.9\tex\generic\pgf\systemlayer\pgfsyssoftpath.
code.tex"
File: pgfsyssoftpath.code.tex 2013/09/09  (rcs-revision 1.9)
\pgfsyssoftpath@smallbuffer@items=\count97
\pgfsyssoftpath@bigbuffer@items=\count98
)
("C:\Program Files (x86)\MiKTeX 2.9\tex\generic\pgf\systemlayer\pgfsysprotocol.
code.tex"
File: pgfsysprotocol.code.tex 2006/10/16  (rcs-revision 1.4)
))
("C:\Program Files (x86)\MiKTeX 2.9\tex\generic\pgf\basiclayer\pgfcore.code.tex
"
Package: pgfcore 2010/04/11 v3.0.1a (rcs-revision 1.7)
 ("C:\Program Files (x86)\MiKTeX 2.9\tex\generic\pgf\math\pgfmath.code.tex"
("C:\Program Files (x86)\MiKTeX 2.9\tex\generic\pgf\math\pgfmathcalc.code.tex"
("C:\Program Files (x86)\MiKTeX 2.9\tex\generic\pgf\math\pgfmathutil.code.tex")
("C:\Program Files (x86)\MiKTeX 2.9\tex\generic\pgf\math\pgfmathparser.code.tex
"
\pgfmath@dimen=\dimen116
\pgfmath@count=\count99
\pgfmath@box=\box28
\pgfmath@toks=\toks27
\pgfmath@stack@operand=\toks28
\pgfmath@stack@operation=\toks29
)
("C:\Program Files (x86)\MiKTeX 2.9\tex\generic\pgf\math\pgfmathfunctions.code.
tex"
("C:\Program Files (x86)\MiKTeX 2.9\tex\generic\pgf\math\pgfmathfunctions.basic
.code.tex")
("C:\Program Files (x86)\MiKTeX 2.9\tex\generic\pgf\math\pgfmathfunctions.trigo
nometric.code.tex")
("C:\Program Files (x86)\MiKTeX 2.9\tex\generic\pgf\math\pgfmathfunctions.rando
m.code.tex")
("C:\Program Files (x86)\MiKTeX 2.9\tex\generic\pgf\math\pgfmathfunctions.compa
rison.code.tex")
("C:\Program Files (x86)\MiKTeX 2.9\tex\generic\pgf\math\pgfmathfunctions.base.
code.tex")
("C:\Program Files (x86)\MiKTeX 2.9\tex\generic\pgf\math\pgfmathfunctions.round
.code.tex")
("C:\Program Files (x86)\MiKTeX 2.9\tex\generic\pgf\math\pgfmathfunctions.misc.
code.tex")
("C:\Program Files (x86)\MiKTeX 2.9\tex\generic\pgf\math\pgfmathfunctions.integ
erarithmetics.code.tex")))
("C:\Program Files (x86)\MiKTeX 2.9\tex\generic\pgf\math\pgfmathfloat.code.tex"
\c@pgfmathroundto@lastzeros=\count100
))
("C:\Program Files (x86)\MiKTeX 2.9\tex\generic\pgf\basiclayer\pgfcorepoints.co
de.tex"
File: pgfcorepoints.code.tex 2013/10/07  (rcs-revision 1.27)
\pgf@picminx=\dimen117
\pgf@picmaxx=\dimen118
\pgf@picminy=\dimen119
\pgf@picmaxy=\dimen120
\pgf@pathminx=\dimen121
\pgf@pathmaxx=\dimen122
\pgf@pathminy=\dimen123
\pgf@pathmaxy=\dimen124
\pgf@xx=\dimen125
\pgf@xy=\dimen126
\pgf@yx=\dimen127
\pgf@yy=\dimen128
\pgf@zx=\dimen129
\pgf@zy=\dimen130
)
("C:\Program Files (x86)\MiKTeX 2.9\tex\generic\pgf\basiclayer\pgfcorepathconst
ruct.code.tex"
File: pgfcorepathconstruct.code.tex 2013/10/07  (rcs-revision 1.29)
\pgf@path@lastx=\dimen131
\pgf@path@lasty=\dimen132
)
("C:\Program Files (x86)\MiKTeX 2.9\tex\generic\pgf\basiclayer\pgfcorepathusage
.code.tex"
File: pgfcorepathusage.code.tex 2014/11/02  (rcs-revision 1.24)
\pgf@shorten@end@additional=\dimen133
\pgf@shorten@start@additional=\dimen134
)
("C:\Program Files (x86)\MiKTeX 2.9\tex\generic\pgf\basiclayer\pgfcorescopes.co
de.tex"
File: pgfcorescopes.code.tex 2015/05/08  (rcs-revision 1.46)
\pgfpic=\box29
\pgf@hbox=\box30
\pgf@layerbox@main=\box31
\pgf@picture@serial@count=\count101
)
("C:\Program Files (x86)\MiKTeX 2.9\tex\generic\pgf\basiclayer\pgfcoregraphicst
ate.code.tex"
File: pgfcoregraphicstate.code.tex 2014/11/02  (rcs-revision 1.12)
\pgflinewidth=\dimen135
)
("C:\Program Files (x86)\MiKTeX 2.9\tex\generic\pgf\basiclayer\pgfcoretransform
ations.code.tex"
File: pgfcoretransformations.code.tex 2015/08/07  (rcs-revision 1.20)
\pgf@pt@x=\dimen136
\pgf@pt@y=\dimen137
\pgf@pt@temp=\dimen138
)
("C:\Program Files (x86)\MiKTeX 2.9\tex\generic\pgf\basiclayer\pgfcorequick.cod
e.tex"
File: pgfcorequick.code.tex 2008/10/09  (rcs-revision 1.3)
)
("C:\Program Files (x86)\MiKTeX 2.9\tex\generic\pgf\basiclayer\pgfcoreobjects.c
ode.tex"
File: pgfcoreobjects.code.tex 2006/10/11  (rcs-revision 1.2)
)
("C:\Program Files (x86)\MiKTeX 2.9\tex\generic\pgf\basiclayer\pgfcorepathproce
ssing.code.tex"
File: pgfcorepathprocessing.code.tex 2013/09/09  (rcs-revision 1.9)
)
("C:\Program Files (x86)\MiKTeX 2.9\tex\generic\pgf\basiclayer\pgfcorearrows.co
de.tex"
File: pgfcorearrows.code.tex 2015/05/14  (rcs-revision 1.43)
\pgfarrowsep=\dimen139
)
("C:\Program Files (x86)\MiKTeX 2.9\tex\generic\pgf\basiclayer\pgfcoreshade.cod
e.tex"
File: pgfcoreshade.code.tex 2013/07/15  (rcs-revision 1.15)
\pgf@max=\dimen140
\pgf@sys@shading@range@num=\count102
)
("C:\Program Files (x86)\MiKTeX 2.9\tex\generic\pgf\basiclayer\pgfcoreimage.cod
e.tex"
File: pgfcoreimage.code.tex 2013/07/15  (rcs-revision 1.18)

("C:\Program Files (x86)\MiKTeX 2.9\tex\generic\pgf\basiclayer\pgfcoreexternal.
code.tex"
File: pgfcoreexternal.code.tex 2014/07/09  (rcs-revision 1.21)
\pgfexternal@startupbox=\box32
))
("C:\Program Files (x86)\MiKTeX 2.9\tex\generic\pgf\basiclayer\pgfcorelayers.co
de.tex"
File: pgfcorelayers.code.tex 2013/07/18  (rcs-revision 1.7)
)
("C:\Program Files (x86)\MiKTeX 2.9\tex\generic\pgf\basiclayer\pgfcoretranspare
ncy.code.tex"
File: pgfcoretransparency.code.tex 2013/09/30  (rcs-revision 1.5)
)
("C:\Program Files (x86)\MiKTeX 2.9\tex\generic\pgf\basiclayer\pgfcorepatterns.
code.tex"
File: pgfcorepatterns.code.tex 2013/11/07  (rcs-revision 1.5)
)))
("C:\Program Files (x86)\MiKTeX 2.9\tex\generic\pgf\modules\pgfmoduleshapes.cod
e.tex"
File: pgfmoduleshapes.code.tex 2014/03/21  (rcs-revision 1.35)
\pgfnodeparttextbox=\box33
)
("C:\Program Files (x86)\MiKTeX 2.9\tex\generic\pgf\modules\pgfmoduleplot.code.
tex"
File: pgfmoduleplot.code.tex 2015/08/03  (rcs-revision 1.13)
)
("C:\Program Files (x86)\MiKTeX 2.9\tex\latex\pgf\compatibility\pgfcomp-version
-0-65.sty"
Package: pgfcomp-version-0-65 2007/07/03 v3.0.1a (rcs-revision 1.7)
\pgf@nodesepstart=\dimen141
\pgf@nodesepend=\dimen142
)
("C:\Program Files (x86)\MiKTeX 2.9\tex\latex\pgf\compatibility\pgfcomp-version
-1-18.sty"
Package: pgfcomp-version-1-18 2007/07/23 v3.0.1a (rcs-revision 1.1)
))
("C:\Program Files (x86)\MiKTeX 2.9\tex\latex\pgf\utilities\pgffor.sty"
("C:\Program Files (x86)\MiKTeX 2.9\tex\latex\pgf\utilities\pgfkeys.sty"
("C:\Program Files (x86)\MiKTeX 2.9\tex\generic\pgf\utilities\pgfkeys.code.tex"
)) ("C:\Program Files (x86)\MiKTeX 2.9\tex\latex\pgf\math\pgfmath.sty"
("C:\Program Files (x86)\MiKTeX 2.9\tex\generic\pgf\math\pgfmath.code.tex"))
("C:\Program Files (x86)\MiKTeX 2.9\tex\generic\pgf\utilities\pgffor.code.tex"
Package: pgffor 2013/12/13 v3.0.1a (rcs-revision 1.25)

("C:\Program Files (x86)\MiKTeX 2.9\tex\generic\pgf\math\pgfmath.code.tex")
\pgffor@iter=\dimen143
\pgffor@skip=\dimen144
\pgffor@stack=\toks30
\pgffor@toks=\toks31
))
("C:\Program Files (x86)\MiKTeX 2.9\tex\generic\pgf\frontendlayer\tikz\tikz.cod
e.tex"
Package: tikz 2015/08/07 v3.0.1a (rcs-revision 1.151)

("C:\Program Files (x86)\MiKTeX 2.9\tex\generic\pgf\libraries\pgflibraryplothan
dlers.code.tex"
File: pgflibraryplothandlers.code.tex 2013/08/31 v3.0.1a (rcs-revision 1.20)
\pgf@plot@mark@count=\count103
\pgfplotmarksize=\dimen145
)
\tikz@lastx=\dimen146
\tikz@lasty=\dimen147
\tikz@lastxsaved=\dimen148
\tikz@lastysaved=\dimen149
\tikzleveldistance=\dimen150
\tikzsiblingdistance=\dimen151
\tikz@figbox=\box34
\tikz@figbox@bg=\box35
\tikz@tempbox=\box36
\tikz@tempbox@bg=\box37
\tikztreelevel=\count104
\tikznumberofchildren=\count105
\tikznumberofcurrentchild=\count106
\tikz@fig@count=\count107

("C:\Program Files (x86)\MiKTeX 2.9\tex\generic\pgf\modules\pgfmodulematrix.cod
e.tex"
File: pgfmodulematrix.code.tex 2013/09/17  (rcs-revision 1.8)
\pgfmatrixcurrentrow=\count108
\pgfmatrixcurrentcolumn=\count109
\pgf@matrix@numberofcolumns=\count110
)
\tikz@expandcount=\count111

("C:\Program Files (x86)\MiKTeX 2.9\tex\generic\pgf\frontendlayer\tikz\librarie
s\tikzlibrarytopaths.code.tex"
File: tikzlibrarytopaths.code.tex 2008/06/17 v3.0.1a (rcs-revision 1.2)
)))
("C:\Program Files (x86)\MiKTeX 2.9\tex\generic\pgf\frontendlayer\tikz\librarie
s\tikzlibrarypositioning.code.tex"
File: tikzlibrarypositioning.code.tex 2008/10/06 v3.0.1a (rcs-revision 1.7)
)
("C:\Program Files (x86)\MiKTeX 2.9\tex\latex\tools\calc.sty"
Package: calc 2014/10/28 v4.3 Infix arithmetic (KKT,FJ)
\calc@Acount=\count112
\calc@Bcount=\count113
\calc@Adimen=\dimen152
\calc@Bdimen=\dimen153
\calc@Askip=\skip48
\calc@Bskip=\skip49
LaTeX Info: Redefining \setlength on input line 80.
LaTeX Info: Redefining \addtolength on input line 81.
\calc@Ccount=\count114
\calc@Cskip=\skip50
)
\c@@todonotes@numberoftodonotes=\count115
)
("C:\Program Files (x86)\MiKTeX 2.9\tex\latex\listings\listings.sty"
\lst@mode=\count116
\lst@gtempboxa=\box38
\lst@token=\toks32
\lst@length=\count117
\lst@currlwidth=\dimen154
\lst@column=\count118
\lst@pos=\count119
\lst@lostspace=\dimen155
\lst@width=\dimen156
\lst@newlines=\count120
\lst@lineno=\count121
\lst@maxwidth=\dimen157

("C:\Program Files (x86)\MiKTeX 2.9\tex\latex\listings\lstmisc.sty"
File: lstmisc.sty 2015/06/04 1.6 (Carsten Heinz)
\c@lstnumber=\count122
\lst@skipnumbers=\count123
\lst@framebox=\box39
)
("C:\Program Files (x86)\MiKTeX 2.9\tex\latex\listings\listings.cfg"
File: listings.cfg 2015/06/04 1.6 listings configuration
))
Package: listings 2015/06/04 1.6 (Carsten Heinz)

("C:\Program Files (x86)\MiKTeX 2.9\tex\latex\hyperref\hyperref.sty"
Package: hyperref 2012/11/06 v6.83m Hypertext links for LaTeX

("C:\Program Files (x86)\MiKTeX 2.9\tex\generic\oberdiek\hobsub-hyperref.sty"
Package: hobsub-hyperref 2012/04/25 v1.12 Bundle oberdiek, subset hyperref (HO)


("C:\Program Files (x86)\MiKTeX 2.9\tex\generic\oberdiek\hobsub-generic.sty"
Package: hobsub-generic 2012/04/25 v1.12 Bundle oberdiek, subset generic (HO)
Package: hobsub 2012/04/25 v1.12 Construct package bundles (HO)
Package hobsub Info: Skipping package `infwarerr' (already loaded).
Package hobsub Info: Skipping package `ltxcmds' (already loaded).
Package: ifluatex 2010/03/01 v1.3 Provides the ifluatex switch (HO)
Package ifluatex Info: LuaTeX not detected.
Package: ifvtex 2010/03/01 v1.5 Detect VTeX and its facilities (HO)
Package ifvtex Info: VTeX not detected.
Package: intcalc 2007/09/27 v1.1 Expandable calculations with integers (HO)
Package: ifpdf 2011/01/30 v2.3 Provides the ifpdf switch (HO)
Package ifpdf Info: pdfTeX in PDF mode is detected.
Package: etexcmds 2011/02/16 v1.5 Avoid name clashes with e-TeX commands (HO)
Package etexcmds Info: Could not find \expanded.
(etexcmds)             That can mean that you are not using pdfTeX 1.50 or
(etexcmds)             that some package has redefined \expanded.
(etexcmds)             In the latter case, load this package earlier.
Package: kvsetkeys 2012/04/25 v1.16 Key value parser (HO)
Package: kvdefinekeys 2011/04/07 v1.3 Define keys (HO)
Package: pdftexcmds 2011/11/29 v0.20 Utility functions of pdfTeX for LuaTeX (HO
)
Package pdftexcmds Info: LuaTeX not detected.
Package pdftexcmds Info: \pdf@primitive is available.
Package pdftexcmds Info: \pdf@ifprimitive is available.
Package pdftexcmds Info: \pdfdraftmode found.
Package: pdfescape 2011/11/25 v1.13 Implements pdfTeX's escape features (HO)
Package: bigintcalc 2012/04/08 v1.3 Expandable calculations on big integers (HO
)
Package: bitset 2011/01/30 v1.1 Handle bit-vector datatype (HO)
Package: uniquecounter 2011/01/30 v1.2 Provide unlimited unique counter (HO)
)
Package hobsub Info: Skipping package `hobsub' (already loaded).
Package: letltxmacro 2010/09/02 v1.4 Let assignment for LaTeX macros (HO)
Package: hopatch 2011/06/24 v1.1 Wrapper for package hooks (HO)
Package: xcolor-patch 2011/01/30 xcolor patch
Package: atveryend 2011/06/30 v1.8 Hooks at the very end of document (HO)
Package atveryend Info: \enddocument detected (standard20110627).
Package: atbegshi 2011/10/05 v1.16 At begin shipout hook (HO)
Package: refcount 2011/10/16 v3.4 Data extraction from label references (HO)
Package: hycolor 2011/01/30 v1.7 Color options for hyperref/bookmark (HO)
)
("C:\Program Files (x86)\MiKTeX 2.9\tex\generic\ifxetex\ifxetex.sty"
Package: ifxetex 2010/09/12 v0.6 Provides ifxetex conditional
)
("C:\Program Files (x86)\MiKTeX 2.9\tex\latex\oberdiek\auxhook.sty"
Package: auxhook 2011/03/04 v1.3 Hooks for auxiliary files (HO)
)
("C:\Program Files (x86)\MiKTeX 2.9\tex\latex\oberdiek\kvoptions.sty"
Package: kvoptions 2011/06/30 v3.11 Key value format for package options (HO)
)
\@linkdim=\dimen158
\Hy@linkcounter=\count124
\Hy@pagecounter=\count125

("C:\Program Files (x86)\MiKTeX 2.9\tex\latex\hyperref\pd1enc.def"
File: pd1enc.def 2012/11/06 v6.83m Hyperref: PDFDocEncoding definition (HO)
Now handling font encoding PD1 ...
... no UTF-8 mapping file for font encoding PD1
)
\Hy@SavedSpaceFactor=\count126

("C:\Program Files (x86)\MiKTeX 2.9\tex\latex\00miktex\hyperref.cfg"
File: hyperref.cfg 2002/06/06 v1.2 hyperref configuration of TeXLive
)
Package hyperref Info: Hyper figures OFF on input line 4443.
Package hyperref Info: Link nesting OFF on input line 4448.
Package hyperref Info: Hyper index ON on input line 4451.
Package hyperref Info: Plain pages OFF on input line 4458.
Package hyperref Info: Backreferencing OFF on input line 4463.
Package hyperref Info: Implicit mode ON; LaTeX internals redefined.
Package hyperref Info: Bookmarks ON on input line 4688.
\c@Hy@tempcnt=\count127

("C:\Program Files (x86)\MiKTeX 2.9\tex\latex\url\url.sty"
\Urlmuskip=\muskip10
Package: url 2013/09/16  ver 3.4  Verb mode for urls, etc.
)
LaTeX Info: Redefining \url on input line 5041.
\XeTeXLinkMargin=\dimen159
\Fld@menulength=\count128
\Field@Width=\dimen160
\Fld@charsize=\dimen161
Package hyperref Info: Hyper figures OFF on input line 6295.
Package hyperref Info: Link nesting OFF on input line 6300.
Package hyperref Info: Hyper index ON on input line 6303.
Package hyperref Info: backreferencing OFF on input line 6310.
Package hyperref Info: Link coloring OFF on input line 6315.
Package hyperref Info: Link coloring with OCG OFF on input line 6320.
Package hyperref Info: PDF/A mode OFF on input line 6325.
LaTeX Info: Redefining \ref on input line 6365.
LaTeX Info: Redefining \pageref on input line 6369.
\Hy@abspage=\count129
\c@Item=\count130
\c@Hfootnote=\count131
)

Package hyperref Message: Driver (autodetected): hpdftex.

("C:\Program Files (x86)\MiKTeX 2.9\tex\latex\hyperref\hpdftex.def"
File: hpdftex.def 2012/11/06 v6.83m Hyperref driver for pdfTeX
\Fld@listcount=\count132
\c@bookmark@seq@number=\count133

("C:\Program Files (x86)\MiKTeX 2.9\tex\latex\oberdiek\rerunfilecheck.sty"
Package: rerunfilecheck 2011/04/15 v1.7 Rerun checks for auxiliary files (HO)
Package uniquecounter Info: New unique counter `rerunfilecheck' on input line 2
82.
)
\Hy@SectionHShift=\skip51
)
("C:\Program Files (x86)\MiKTeX 2.9\tex\latex\hyphenat\hyphenat.sty"
Package: hyphenat 2009/09/02 v2.3c hyphenation utilities


Package hyphenat Warning: *******************************
(hyphenat)                * You have used the htt option.
(hyphenat)                * You are likely to get many Font Warning messages.
(hyphenat)                * These can usually be ignored.
(hyphenat)                *******************************.

\langwohyphens=\language70
LaTeX Info: Redefining \_ on input line 43.
) ("C:\Program Files (x86)\MiKTeX 2.9\tex\latex\geometry\geometry.sty"
Package: geometry 2010/09/12 v5.6 Page Geometry
\Gm@cnth=\count134
\Gm@cntv=\count135
\c@Gm@tempcnt=\count136
\Gm@bindingoffset=\dimen162
\Gm@wd@mp=\dimen163
\Gm@odd@mp=\dimen164
\Gm@even@mp=\dimen165
\Gm@layoutwidth=\dimen166
\Gm@layoutheight=\dimen167
\Gm@layouthoffset=\dimen168
\Gm@layoutvoffset=\dimen169
\Gm@dimlist=\toks33

("C:\Program Files (x86)\MiKTeX 2.9\tex\latex\geometry\geometry.cfg"))
("C:\Program Files (x86)\MiKTeX 2.9\tex\latex\setspace\setspace.sty"
Package: setspace 2011/12/19 v6.7a set line spacing
)
("C:\Program Files (x86)\MiKTeX 2.9\tex\latex\koma-script\scrhack.sty"
Package: scrhack 2015/10/03 v3.19a KOMA-Script package 
Package scrhack Info: hyperref hack deactivated because of
(scrhack)             detection of hyperref version, that doesn't
(scrhack)             need that hack, on input line 151.
Package scrhack Info: loading listings hack on input line 172.

("C:\Program Files (x86)\MiKTeX 2.9\tex\latex\koma-script\listings.hak"
File: listings.hak 2015/10/03 v3.19a KOMA-Script package (hacking package listi
ngs)
Package tocbasic Info: setting babel extension for `lol' on input line 137.
Package scrhack Info: redefining \lstlistoflistings on input line 137.
)
Package scrhack Info: loading setspace hack on input line 179.

("C:\Program Files (x86)\MiKTeX 2.9\tex\latex\koma-script\setspace.hak"
File: setspace.hak 2015/10/03 v3.19a KOMA-Script package (hacking package setsp
ace)
)))
("C:\Program Files (x86)\MiKTeX 2.9\tex\latex\caption\caption.sty"
Package: caption 2015/09/17 v3.3-111 Customizing captions (AR)

("C:\Program Files (x86)\MiKTeX 2.9\tex\latex\caption\caption3.sty"
Package: caption3 2015/09/20 v1.7-115 caption3 kernel (AR)
Package caption3 Info: TeX engine: e-TeX on input line 57.
\captionmargin=\dimen170
\captionmargin@=\dimen171
\captionwidth=\dimen172
\caption@tempdima=\dimen173
\caption@indent=\dimen174
\caption@parindent=\dimen175
\caption@hangindent=\dimen176
)
Package caption Info: KOMA-Script document class.
\c@ContinuedFloat=\count137
Package caption Info: hyperref package is loaded.
Package caption Info: listings package is loaded.
)
(preamble/settingslistings.tex
("C:\Program Files (x86)\MiKTeX 2.9\tex\latex\fancyvrb\fancyvrb.sty"
Package: fancyvrb 2008/02/07

Style option: `fancyvrb' v2.7a, with DG/SPQR fixes, and firstline=lastline fix 
<2008/02/07> (tvz)
\FV@CodeLineNo=\count138
\FV@InFile=\read2
\FV@TabBox=\box40
\c@FancyVerbLine=\count139
\FV@StepNumber=\count140
\FV@OutFile=\write5
)) (preamble/listinglanguages.tex) (preamble/optionen.tex)
(preamble/variablen.tex) (thesis.aux (htwg/cover.aux) (htwg/title.aux)
(htwg/abstract.aux) (htwg/affidavit.aux) (kapitel1/1-einleitung.aux)
(kapitel2/1-problemloesung.aux) (kapitel2/2-custom-elements.aux)
(kapitel2/3-html-templates.aux) (kapitel2/4-shadow-dom.aux)
(kapitel2/5-html-imports.aux) (kapitel2/6-polyfills.aux)
(kapitel2/7-beispiel.aux) (kapitel3/1-polymer.aux) (kapitel4/1-analogie.aux)
(kapitel5/1-additional-sugar.aux) (kapitel6/1-best-practices.aux)
(kapitel7/1-polymer-komponente.aux) (kapitel7/2-angular-vergleich.aux)
(kapitel8/1-zukunftsprognose.aux) (kapitel9/anhang-a.aux)
(kapitel9/anhang-b.aux))
LaTeX Font Info:    Checking defaults for OML/cmm/m/it on input line 15.
LaTeX Font Info:    ... okay on input line 15.
LaTeX Font Info:    Checking defaults for T1/cmr/m/n on input line 15.
LaTeX Font Info:    ... okay on input line 15.
LaTeX Font Info:    Checking defaults for OT1/cmr/m/n on input line 15.
LaTeX Font Info:    ... okay on input line 15.
LaTeX Font Info:    Checking defaults for OMS/cmsy/m/n on input line 15.
LaTeX Font Info:    ... okay on input line 15.
LaTeX Font Info:    Checking defaults for OMX/cmex/m/n on input line 15.
LaTeX Font Info:    ... okay on input line 15.
LaTeX Font Info:    Checking defaults for U/cmr/m/n on input line 15.
LaTeX Font Info:    ... okay on input line 15.
LaTeX Font Info:    Checking defaults for PD1/pdf/m/n on input line 15.
LaTeX Font Info:    ... okay on input line 15.

("C:\Program Files (x86)\MiKTeX 2.9\tex\context\base\supp-pdf.mkii"
[Loading MPS to PDF converter (version 2006.09.02).]
\scratchcounter=\count141
\scratchdimen=\dimen177
\scratchbox=\box41
\nofMPsegments=\count142
\nofMParguments=\count143
\everyMPshowfont=\toks34
\MPscratchCnt=\count144
\MPscratchDim=\dimen178
\MPnumerator=\count145
\makeMPintoPDFobject=\count146
\everyMPtoPDFconversion=\toks35
) ABD: EveryShipout initializing macros
\c@lstlisting=\count147
\AtBeginShipoutBox=\box42
Package hyperref Info: Link coloring OFF on input line 15.

("C:\Program Files (x86)\MiKTeX 2.9\tex\latex\hyperref\nameref.sty"
Package: nameref 2012/10/27 v2.43 Cross-referencing by name of section

("C:\Program Files (x86)\MiKTeX 2.9\tex\generic\oberdiek\gettitlestring.sty"
Package: gettitlestring 2010/12/03 v1.4 Cleanup title references (HO)
)
\c@section@level=\count148
)
LaTeX Info: Redefining \ref on input line 15.
LaTeX Info: Redefining \pageref on input line 15.
LaTeX Info: Redefining \nameref on input line 15.

(thesis.out) (thesis.out)
\@outlinefile=\write6


LaTeX Font Warning: Font shape `OT1/cmtt/b/n' undefined
(Font)              using `OT1/cmtt/m/n' instead on input line 15.


LaTeX Font Warning: Font shape `OT1/cmtt/b/it' undefined
(Font)              using `OT1/cmtt/b/n' instead on input line 15.


LaTeX Font Warning: Font shape `OT1/cmtt/b/sl' undefined
(Font)              using `OT1/cmtt/b/n' instead on input line 15.


LaTeX Font Warning: Font shape `OT1/cmtt/b/sc' undefined
(Font)              using `OT1/cmtt/b/n' instead on input line 15.

LaTeX Font Info:    Font shape `OT1/cmtt/bx/n' in size <10.95> not available
(Font)              Font shape `OT1/cmtt/m/n' tried instead on input line 15.
LaTeX Font Info:    Font shape `OT1/cmtt/bx/it' in size <10.95> not available
(Font)              Font shape `OT1/cmtt/m/it' tried instead on input line 15.

LaTeX Font Warning: Font shape `OT1/cmtt/bx/sl' undefined
(Font)              using `OT1/cmtt/bx/n' instead on input line 15.


LaTeX Font Warning: Font shape `OT1/cmtt/bx/sc' undefined
(Font)              using `OT1/cmtt/bx/n' instead on input line 15.


LaTeX Font Warning: Font shape `OT1/cmtt/sb/n' undefined
(Font)              using `OT1/cmtt/m/n' instead on input line 15.


LaTeX Font Warning: Font shape `OT1/cmtt/sb/it' undefined
(Font)              using `OT1/cmtt/sb/n' instead on input line 15.


LaTeX Font Warning: Font shape `OT1/cmtt/sb/sl' undefined
(Font)              using `OT1/cmtt/sb/n' instead on input line 15.


LaTeX Font Warning: Font shape `OT1/cmtt/sb/sc' undefined
(Font)              using `OT1/cmtt/sb/n' instead on input line 15.


LaTeX Font Warning: Font shape `OT1/cmtt/c/n' undefined
(Font)              using `OT1/cmtt/m/n' instead on input line 15.


LaTeX Font Warning: Font shape `OT1/cmtt/c/it' undefined
(Font)              using `OT1/cmtt/c/n' instead on input line 15.


LaTeX Font Warning: Font shape `OT1/cmtt/c/sl' undefined
(Font)              using `OT1/cmtt/c/n' instead on input line 15.


LaTeX Font Warning: Font shape `OT1/cmtt/c/sc' undefined
(Font)              using `OT1/cmtt/c/n' instead on input line 15.


LaTeX Font Warning: Font shape `OT1/cmtt/l/n' undefined
(Font)              using `OT1/cmtt/m/n' instead on input line 15.


LaTeX Font Warning: Font shape `OT1/cmtt/l/it' undefined
(Font)              using `OT1/cmtt/l/n' instead on input line 15.


LaTeX Font Warning: Font shape `OT1/cmtt/l/sl' undefined
(Font)              using `OT1/cmtt/l/n' instead on input line 15.


LaTeX Font Warning: Font shape `OT1/cmtt/l/sc' undefined
(Font)              using `OT1/cmtt/l/n' instead on input line 15.

LaTeX Font Info:    Font shape `OT1/cmtt/m/ui' in size <10.95> not available
(Font)              Font shape `OT1/cmtt/m/it' tried instead on input line 15.
LaTeX Font Info:    Font shape `OT1/cmtt/bx/ui' in size <10.95> not available
(Font)              Font shape `OT1/cmtt/m/it' tried instead on input line 15.

LaTeX Font Warning: Font shape `OT1/cmtt/m/In' undefined
(Font)              using `OT1/cmtt/m/n' instead on input line 15.

*geometry* driver: auto-detecting
*geometry* detected driver: pdftex
*geometry* verbose mode - [ preamble ] result:
* driver: pdftex
* paper: a4paper
* layout: <same size as paper>
* layoutoffset:(h,v)=(0.0pt,0.0pt)
* modes: 
* h-part:(L,W,R)=(89.62709pt, 418.25368pt, 89.6271pt)
* v-part:(T,H,B)=(101.40665pt, 658.28194pt, 85.35826pt)
* \paperwidth=597.50787pt
* \paperheight=845.04684pt
* \textwidth=418.25368pt
* \textheight=658.28194pt
* \oddsidemargin=17.3571pt
* \evensidemargin=17.3571pt
* \topmargin=-8.26335pt
* \headheight=17.0pt
* \headsep=20.40001pt
* \topskip=11.0pt
* \footskip=47.6pt
* \marginparwidth=72.26999pt
* \marginparsep=12.8401pt
* \columnsep=10.0pt
* \skip\footins=10.0pt plus 4.0pt minus 2.0pt
* \hoffset=0.0pt
* \voffset=0.0pt
* \mag=1000
* \@twocolumnfalse
* \@twosidefalse
* \@mparswitchfalse
* \@reversemarginfalse
* (1in=72.27pt=25.4mm, 1cm=28.453pt)

Package scrhack Info: undefining \float@addtolists on input line 15.
Package caption Info: Begin \AtBeginDocument code.
Package caption Info: End \AtBeginDocument code.
(htwg/cover.tex <htwg/htwg-logo.pdf, id=458, 1597.97pt x 174.6525pt>
File: htwg/htwg-logo.pdf Graphic file (type pdf)

<use htwg/htwg-logo.pdf>
Package pdftex.def Info: htwg/htwg-logo.pdf used on input line 7.
(pdftex.def)             Requested size: 446.70818pt x 48.8224pt.

Overfull \hbox (2.43509pt too wide) in paragraph at lines 7--8
|  []  
 []


Class scrreprt Warning: Usage of deprecated font command `\sf'!
(scrreprt)              You should note, that in 1994 font command `\sf' has
(scrreprt)              been defined for compatiblitiy to Script 2.0 only.
(scrreprt)              Now, after two decades of LaTeX2e and NFSS2, you
(scrreprt)              shouldn't use such commands any longer and within
(scrreprt)              KOMA-Script usage of `\sf' is definitely deprecated.
(scrreprt)              See `fntguide.pdf' for more information about
(scrreprt)              recommended font commands.
(scrreprt)              Note also, that KOMA-Script will remove the definition
(scrreprt)              of `\sf' anytime until release of about version 3.20.
(scrreprt)              But for now, KOMA-Script will replace deprecated `\sf'
(scrreprt)              by `\normalfont \sffamily ' on input line 23.

[1




{C:/Users/stonon/AppData/Local/MiKTeX/2.9/pdftex/config/pdftex.map} <./htwg/htw
g-logo.pdf>]) (htwg/title.tex
LaTeX Font Info:    External font `cmex10' loaded for size
(Font)              <10.95> on input line 24.
LaTeX Font Info:    External font `cmex10' loaded for size
(Font)              <8> on input line 24.
LaTeX Font Info:    External font `cmex10' loaded for size
(Font)              <6> on input line 24.

Overfull \hbox (0.90353pt too wide) in paragraph at lines 26--26
[]\OT1/cmr/m/n/10.95 Bachelorkandidat:| 
 []

)pdfTeX warning (ext4): destination with the same identifier (name{page.}) has 
been already used, duplicate ignored
<to be read again> 
                   \relax 
l.21 \include{htwg/title}
                          [2


] (htwg/abstract.tex
Overfull \hbox (6.594pt too wide) in paragraph at lines 12--12
[]\OT1/cmr/m/n/10.95 Bachelorkandidat:| 
 []

)pdfTeX warning (ext4): destination with the same identifier (name{page.}) has 
been already used, duplicate ignored
<to be read again> 
                   \relax 
l.22 \include{htwg/abstract}
                             [3


] (htwg/affidavit.tex
Underfull \hbox (badness 10000) in paragraph at lines 4--6

 []


Underfull \hbox (badness 10000) in paragraph at lines 19--21

 []

) [1



] (thesis.toc
LaTeX Font Info:    Try loading font information for OML+cmtt on input line 18.

LaTeX Font Info:    No file OMLcmtt.fd. on input line 18.


LaTeX Font Warning: Font shape `OML/cmtt/m/n' undefined
(Font)              using `OML/cmm/m/it' instead
(Font)              for symbol `textless' on input line 18.

[2


] [3] [4])
\tf@toc=\write7
 [5] (kapitel1/1-einleitung.tex
chapter 1.
Package acronym Info: Label `acro:HTML' newly defined as it shall be overridden

although it is yet undefined on input line 3.
Package acronym Info: Label `acro:W3C' newly defined as it shall be overridden
although it is yet undefined on input line 3.
Package acronym Info: Label `acro:DOM' newly defined as it shall be overridden
although it is yet undefined on input line 3.
Package acronym Info: Label `acro:CSS' newly defined as it shall be overridden
although it is yet undefined on input line 3.
Package acronym Info: Label `acro:API' newly defined as it shall be overridden
although it is yet undefined on input line 6.
[1




]) [2] (kapitel2/1-problemloesung.tex
chapter 2.
) [3



] [4] (kapitel2/2-custom-elements.tex
<kapitel2/bilder/2-custom-elements-div-suppe.jpg, id=703, 733.23938pt x 364.361
25pt>
File: kapitel2/bilder/2-custom-elements-div-suppe.jpg Graphic file (type jpg)
 <use kapitel2/bilder/2-custom-elements-div-suppe.jpg>
Package pdftex.def Info: kapitel2/bilder/2-custom-elements-div-suppe.jpg used o
n input line 7.
(pdftex.def)             Requested size: 418.25368pt x 207.84373pt.

("C:\Program Files (x86)\MiKTeX 2.9\tex\latex\listings\lstlang1.sty"
File: lstlang1.sty 2015/06/04 1.6 listings language file
)
("C:\Program Files (x86)\MiKTeX 2.9\tex\latex\listings\lstmisc.sty"
File: lstmisc.sty 2015/06/04 1.6 (Carsten Heinz)
)
(kapitel2/listings/2-1.html
LaTeX Font Info:    Try loading font information for OML+cmr on input line 1.

("C:\Program Files (x86)\MiKTeX 2.9\tex\latex\base\omlcmr.fd"
File: omlcmr.fd 2014/09/29 v2.5h Standard LaTeX font definitions
)
LaTeX Font Info:    Font shape `OML/cmr/m/n' in size <9> not available
(Font)              Font shape `OML/cmm/m/it' tried instead on input line 1.
LaTeX Font Info:    External font `cmex10' loaded for size
(Font)              <9> on input line 1.
LaTeX Font Info:    External font `cmex10' loaded for size
(Font)              <5> on input line 1.
) [5


 <./kapitel2/bilder/2-custom-elements-div-suppe.jpg>]
Overfull \hbox (6.71198pt too wide) in paragraph at lines 28--29
\OT1/cmr/m/n/10.95 da die-ses Ele-ment das In-ter-face von \OT1/cmtt/l/n/10.95 
HTMLUn-kown-Ele-ment \OT1/cmr/m/n/10.95 be-nut-zen muss [[]].
 []

Package acronym Info: Label `acro:FOUC' newly defined as it shall be overridden

although it is yet undefined on input line 33.
[6] (kapitel2/listings/2-2.js
LaTeX Font Info:    Try loading font information for OMS+cmr on input line 1.

("C:\Program Files (x86)\MiKTeX 2.9\tex\latex\base\omscmr.fd"
File: omscmr.fd 2014/09/29 v2.5h Standard LaTeX font definitions
)
LaTeX Font Info:    Font shape `OMS/cmr/m/n' in size <9> not available
(Font)              Font shape `OMS/cmsy/m/n' tried instead on input line 1.
)
(kapitel2/listings/2-3.js) [7] (kapitel2/listings/2-4.html) [8]
(kapitel2/listings/2-5.html) (kapitel2/listings/2-6.css)
<kapitel2/bilder/2-custom-elements-browserunterstuetzung.jpg, id=819, 945.5325p
t x 237.88875pt>
File: kapitel2/bilder/2-custom-elements-browserunterstuetzung.jpg Graphic file 
(type jpg)

<use kapitel2/bilder/2-custom-elements-browserunterstuetzung.jpg>
Package pdftex.def Info: kapitel2/bilder/2-custom-elements-browserunterstuetzun
g.jpg used on input line 85.
(pdftex.def)             Requested size: 418.25368pt x 105.23036pt.
) [9 <./kapitel2/bilder/2-custom-elements-browserunterstuetzung.jpg>]
(kapitel2/3-html-templates.tex
Package hyperref Info: bookmark level for unknown todo defaults to 0 on input l
ine 3.
Package acronym Info: Label `acro:MVC' newly defined as it shall be overridden
although it is yet undefined on input line 7.
LaTeX Font Info:    Font shape `OML/cmr/m/n' in size <10.95> not available
(Font)              Font shape `OML/cmm/m/it' tried instead on input line 10.


LaTeX Font Warning: Font shape `OML/cmtt/bx/n' undefined
(Font)              using `OML/cmm/m/it' instead
(Font)              for symbol `textless' on input line 18.

(kapitel2/listings/4-1.html) [10


] (kapitel2/listings/4-2.html)
Package acronym Info: Label `acro:XSS' newly defined as it shall be overridden
although it is yet undefined on input line 32.
LaTeX Font Info:    Font shape `OT1/cmtt/bx/n' in size <12> not available
(Font)              Font shape `OT1/cmtt/m/n' tried instead on input line 35.
 [11]
(kapitel2/listings/4-2.html) [12]
<kapitel2/bilder/4-html-templates-browserunterstuetzung.jpg, id=919, 952.30782p
t x 237.88875pt>
File: kapitel2/bilder/4-html-templates-browserunterstuetzung.jpg Graphic file (
type jpg)

<use kapitel2/bilder/4-html-templates-browserunterstuetzung.jpg>
Package pdftex.def Info: kapitel2/bilder/4-html-templates-browserunterstuetzung
.jpg used on input line 59.
(pdftex.def)             Requested size: 418.25368pt x 104.4826pt.
) [13 <./kapitel2/bilder/4-html-templates-browserunterstuetzung.jpg>]
(kapitel2/4-shadow-dom.tex
Overfull \hbox (0.43231pt too wide) in paragraph at lines 3--4
\OT1/cmr/m/n/10.95 (sie-he Ab-bil-dung []2.4[]) mit ei-nem Sha-dow [][] aus-ge-
stat-tet [[],
 []


<kapitel2/bilder/3-shadow-dom-input-type-password.jpg, id=942, 207.02344pt x 78
.2925pt>
File: kapitel2/bilder/3-shadow-dom-input-type-password.jpg Graphic file (type j
pg)
 <use kapitel2/bilder/3-shadow-dom-input-type-password.jpg>
Package pdftex.def Info: kapitel2/bilder/3-shadow-dom-input-type-password.jpg u
sed on input line 7.
(pdftex.def)             Requested size: 207.02292pt x 78.2923pt.

<kapitel2/bilder/3-shadow-dom-shadow-boundary.png, id=943, 770.12718pt x 411.78
844pt>
File: kapitel2/bilder/3-shadow-dom-shadow-boundary.png Graphic file (type png)
 <use kapitel2/bilder/3-shadow-dom-shadow-boundary.png>
Package pdftex.def Info: kapitel2/bilder/3-shadow-dom-shadow-boundary.png used 
on input line 17.
(pdftex.def)             Requested size: 418.25368pt x 223.63795pt.
Package acronym Info: Label `acro:LIFO' newly defined as it shall be overridden

although it is yet undefined on input line 22.
 [14


 <./kapitel2/bilder/3-shadow-dom-input-type-password.jpg>] [15 <./kapitel2/bild
er/3-shadow-dom-shadow-boundary.png>] (kapitel2/listings/3-1.html) [16] [17]
LaTeX Font Info:    Try loading font information for OML+cmss on input line 57.

LaTeX Font Info:    No file OMLcmss.fd. on input line 57.


LaTeX Font Warning: Font shape `OML/cmss/bx/n' undefined
(Font)              using `OML/cmm/m/it' instead
(Font)              for symbol `textgreater' on input line 57.

LaTeX Font Info:    Try loading font information for OMS+cmtt on input line 66.

LaTeX Font Info:    No file OMScmtt.fd. on input line 66.

LaTeX Font Warning: Font shape `OMS/cmtt/m/n' undefined
(Font)              using `OMS/cmsy/m/n' instead
(Font)              for symbol `textbraceleft' on input line 66.

[18] (kapitel2/listings/3-2.html)
<kapitel2/bilder/3-shadow-dom-beispiel.jpg, id=1079, 104.64093pt x 51.19125pt>
File: kapitel2/bilder/3-shadow-dom-beispiel.jpg Graphic file (type jpg)

<use kapitel2/bilder/3-shadow-dom-beispiel.jpg>
Package pdftex.def Info: kapitel2/bilder/3-shadow-dom-beispiel.jpg used on inpu
t line 78.
(pdftex.def)             Requested size: 104.64066pt x 51.19112pt.

Overfull \hbox (84.68217pt too wide) in paragraph at lines 83--84
\OT1/cmr/m/n/10.95 dem Sha-dow Root, wel-cher per \OT1/cmtt/l/n/10.95 var root 
= do-cu-ment.querySelector('#hello').createShadowRoot()
 []

[19]
<kapitel2/bilder/3-shadow-dom-browserunterstuetzung.jpg, id=1132, 946.28531pt x
 237.13594pt>
File: kapitel2/bilder/3-shadow-dom-browserunterstuetzung.jpg Graphic file (type
 jpg)
 <use kapitel2/bilder/3-shadow-dom-browserunterstuetzung.jpg>
Package pdftex.def Info: kapitel2/bilder/3-shadow-dom-browserunterstuetzung.jpg
 used on input line 92.
(pdftex.def)             Requested size: 418.25368pt x 104.81052pt.
)
[20 <./kapitel2/bilder/3-shadow-dom-beispiel.jpg> <./kapitel2/bilder/3-shadow-d
om-browserunterstuetzung.jpg>] (kapitel2/5-html-imports.tex
Package acronym Info: Label `acro:SOP' newly defined as it shall be overridden
although it is yet undefined on input line 10.

Overfull \hbox (1.46375pt too wide) in paragraph at lines 10--11
[]\OT1/cmr/m/n/10.95 Somit kann nun bei-spiels-wei-se mit-tels \OML/cmss/bx/n/1
0.95 <\OT1/cmtt/l/n/10.95 link rel="import" href="my-import.html"\OML/cmss/bx/n
/10.95 >
 []

Package acronym Info: Label `acro:CORS' newly defined as it shall be overridden

although it is yet undefined on input line 16.
Package acronym Info: Label `acro:HTTP' newly defined as it shall be overridden

although it is yet undefined on input line 19.
[21


] (kapitel2/listings/5-1.html)
Overfull \hbox (90.21777pt too wide) in paragraph at lines 40--41
\OT1/cmr/m/n/10.95 Im-port zu-ge-grif-fen wer-den \OT1/cmtt/l/n/10.95 var con-t
ent = do-cu-ment.querySelector('link[rel="import"]').import;\OT1/cmr/m/n/10.95 
.
 []


Overfull \hbox (43.2251pt too wide) in paragraph at lines 40--41
\OT1/cmr/m/n/10.95 hal-te-nes Ele-ment mit der Klas-se \OT1/cmtt/l/n/10.95 ele-
ment \OT1/cmr/m/n/10.95 mit \OT1/cmtt/l/n/10.95 var el = con-tent.querySelector
('.element');
 []

[22] (kapitel2/listings/5-2.html) (kapitel2/listings/5-3.html) [23]
Package acronym Info: Label `acro:TCP' newly defined as it shall be overridden
although it is yet undefined on input line 66.
Package acronym Info: Label `acro:TLS' newly defined as it shall be overridden
although it is yet undefined on input line 68.
 [24]
[25]
<kapitel2/bilder/5-html-imports-browserunterstuetzung.jpg, id=1291, 944.02687pt
 x 235.63031pt>
File: kapitel2/bilder/5-html-imports-browserunterstuetzung.jpg Graphic file (ty
pe jpg)
 <use kapitel2/bilder/5-html-imports-browserunterstuetzung.jpg>
Package pdftex.def Info: kapitel2/bilder/5-html-imports-browserunterstuetzung.j
pg used on input line 87.
(pdftex.def)             Requested size: 418.25368pt x 104.39673pt.
) [26 <./kapitel2/bilder/5-html-imports-browserunterstuetzung.jpg>]
(kapitel2/6-polyfills.tex
Overfull \hbox (8.70554pt too wide) in paragraph at lines 3--4
\OT1/cmr/m/n/10.95 terst[]utzung und Per-for-man-ce, und wie sie die Brow-ser-u
n-terst[]utzung der Web-Components-
 []


Overfull \hbox (15.24345pt too wide) in paragraph at lines 12--13
\OT1/cmr/m/n/10.95 zwar im-ple-men-tiert, m[]ussen aber ma-nu-ell mit dem Flag 
\OT1/cmtt/l/n/10.95 dom.webcomponents.enabled
 []

[27


]
<kapitel2/bilder/6-webcomponentsjs-browserunterstuetzung.jpg, id=1323, 647.4187
5pt x 143.78719pt>
File: kapitel2/bilder/6-webcomponentsjs-browserunterstuetzung.jpg Graphic file 
(type jpg)

<use kapitel2/bilder/6-webcomponentsjs-browserunterstuetzung.jpg>
Package pdftex.def Info: kapitel2/bilder/6-webcomponentsjs-browserunterstuetzun
g.jpg used on input line 37.
(pdftex.def)             Requested size: 418.25368pt x 92.8923pt.
 [28 <./kapitel2/bilder/6-webcomponentsjs-browserunterstuetzung.jpg>]
Package acronym Info: Label `acro:XHR' newly defined as it shall be overridden
although it is yet undefined on input line 50.

Overfull \hbox (18.38744pt too wide) in paragraph at lines 50--51
[]\OT1/cmr/m/n/10.95 Die zu im-por-tie-ren-den [][]-Dateien wer-den mit ei-nem 
[][][]XMLHttpRequest
 []


Overfull \hbox (1.61838pt too wide) in paragraph at lines 56--57
\OT1/cmr/m/n/10.95 Das webcomponents.js-JavaScript [[]] bringt mit
 []


Overfull \hbox (3.96059pt too wide) in paragraph at lines 61--62
\OT1/cmr/m/n/10.95 Webseiten k[]onnen vie-le ver-schie-de-ne, mo-du-lar auf-ge-
bau-te Sty-les-heets, JavaScript-Dateien
 []

) [29] (kapitel2/7-beispiel.tex
<kapitel2/bilder/7-beispiel.jpg, id=1365, 185.19188pt x 121.20282pt>
File: kapitel2/bilder/7-beispiel.jpg Graphic file (type jpg)

<use kapitel2/bilder/7-beispiel.jpg>
Package pdftex.def Info: kapitel2/bilder/7-beispiel.jpg used on input line 7.
(pdftex.def)             Requested size: 142.26378pt x 93.10822pt.
 (kapitel2/listings/7-1.js) [30


 <./kapitel2/bilder/7-beispiel.jpg>] (kapitel2/listings/7-2.js)
Overfull \hbox (1.12685pt too wide) in paragraph at lines 25--26
\OT1/cmtt/l/n/10.95 document.registerElement("custom-element", \OMS/cmtt/m/n/10
.95 f \OT1/cmtt/l/n/10.95 pro-to-ty-pe: Cu-sto-m-Ele-ment-Pro-
 []

(kapitel2/listings/7-3.html) (kapitel2/listings/7-4.html [31])) [32]
(kapitel3/1-polymer.tex
chapter 3.
Package acronym Info: Label `acro:UI' newly defined as it shall be overridden
although it is yet undefined on input line 8.
<kapitel3/bilder/1-architektur.png, id=1440, 803.0pt x 657.45625pt>
File: kapitel3/bilder/1-architektur.png Graphic file (type png)

<use kapitel3/bilder/1-architektur.png>
Package pdftex.def Info: kapitel3/bilder/1-architektur.png used on input line 1
2.
(pdftex.def)             Requested size: 199.16928pt x 163.06953pt.


LaTeX Warning: `h' float specifier changed to `ht'.

[33



]
Overfull \hbox (9.77025pt too wide) in paragraph at lines 32--33
\OT1/cmr/m/n/10.95 son-dern f[]ur im Hin-ter-grund lau-fen-de Ser-vices wie Pus
h- oder Offline-Funktionalit[]aten
 []

[34 <./kapitel3/bilder/1-architektur.png>]
Overfull \hbox (15.75635pt too wide) in paragraph at lines 33--34
[]\OT1/cmr/m/n/10.95 Die Mo-le-cu-les sind wei-te-re Ele-men-te als Wrap-per f[
]ur third-party-Libraries. 
 []

)
Overfull \hbox (8.18849pt too wide) in paragraph at lines 40--43
\OT1/cmr/m/n/10.95 wickel-ten Kom-po-nen-ten. Als ei-ne m[]ogli-che Al-ter-na-t
i-ve hierf[]ur kann der customelements.io-
 []

[35] (kapitel4/1-analogie.tex
chapter 4.

Overfull \hbox (21.57054pt too wide) in paragraph at lines 13--14
\OT1/cmr/m/n/10.95 F[]ur das Re-gi-strie-ren ei-nes neu-en Ele-ments stellt Po-
ly-mer die Funk-ti-on \OT1/cmtt/l/n/10.95 Po-ly-mer(prototype);
 []


Overfull \hbox (9.19225pt too wide) in paragraph at lines 13--14
\OT1/cmr/m/n/10.95 be-reit, dar-in wer-den die ge-ne-rel-len Polymer-Einstellun
gen in Form ei-nes Prototyp-Objektes
 []


Overfull \hbox (15.63745pt too wide) in paragraph at lines 13--14
\OT1/cmr/m/n/10.95 Anh[]angen der na-ti-ven Me-tho-de mit \OT1/cmtt/l/n/10.95 v
ar ele-ment = document.createElement('element-
 []


Overfull \hbox (6.75728pt too wide) in paragraph at lines 13--14
\OT1/cmr/m/n/10.95 er-stell-ten [][]-Tag \OML/cmss/bx/n/10.95 <\OT1/cmtt/l/n/10
.95 element-name\OML/cmss/bx/n/10.95 ><\OT1/cmtt/l/n/10.95 /element-name\OML/cm
ss/bx/n/10.95 >\OT1/cmr/m/n/10.95 . Soll statt dem stan-dardm[]aig
 []

[36



]
Overfull \hbox (4.74901pt too wide) in paragraph at lines 28--29
\OT1/cmtt/l/n/10.95 this.setAttribute(property, va-lue); \OT1/cmr/m/n/10.95 ist
. Der Na-me des [][]-Attributs muss
 []

[37] [38]
Overfull \hbox (8.00597pt too wide) in paragraph at lines 49--50
\OT1/cmr/m/n/10.95 Zus[]atz-lich zu den De-cla-red Pro-per-ties k[]onnen auch [
][]-Element-Attribute im Polymer-
 []

[39] (kapitel4/listings/1-1.html) [40] [41] (kapitel4/listings/1-2.js)
(kapitel4/listings/1-3.html) [42] (kapitel4/listings/1-4.html)
(kapitel4/listings/1-5.html) (kapitel4/listings/1-6.html)
Underfull \hbox (badness 10000) in paragraph at lines 104--105

 []

[43] (kapitel4/listings/1-7.html) (kapitel4/listings/1-8.html) [44]) [45]
(kapitel5/1-additional-sugar.tex
chapter 5.
[46



]
Overfull \hbox (31.88144pt too wide) in paragraph at lines 28--29
\OT1/cmr/m/n/10.95 wen-det wer-den. So wird bei-spiels-wei-se in dem Ele-ment \
OML/cmss/bx/n/10.95 <\OT1/cmtt/l/n/10.95 div class=$"\OMS/cmtt/m/n/10.95 ff\OT1
/cmtt/l/n/10.95 myClass\OMS/cmtt/m/n/10.95 gg\OT1/cmtt/l/n/10.95 "\OML/cmss/bx/
n/10.95 ><\OT1/cmtt/l/n/10.95 /div\OML/cmss/bx/n/10.95 >
 []

[47] (kapitel5/listings/1-1.js)
Overfull \hbox (9.67886pt too wide) in paragraph at lines 43--44
\OT1/cmr/m/n/10.95 so vie-le Be-ha-viors mit un-ter-schied-li-chen Ver-hal-tens
-wei-sen hin-zu-gef[]ugt wer-den, wie ben[]otigt
 []

(kapitel5/listings/1-2.html) [48] (kapitel5/listings/1-3.html [49])) [50]
(kapitel6/1-best-practices.tex
chapter 6.

<kapitel6/bilder/1-performance-user-perception-reaction-times.jpg, id=1797, 447
.92343pt x 149.8097pt>
File: kapitel6/bilder/1-performance-user-perception-reaction-times.jpg Graphic 
file (type jpg)

<use kapitel6/bilder/1-performance-user-perception-reaction-times.jpg>
Package pdftex.def Info: kapitel6/bilder/1-performance-user-perception-reaction
-times.jpg used on input line 12.
(pdftex.def)             Requested size: 312.9803pt x 104.6809pt.
 [51



 <./kapitel6/bilder/1-performance-user-perception-reaction-times.jpg>]
(kapitel6/listings/1-1.js) [52] (kapitel6/listings/1-2.js [53])
Overfull \hbox (2.01108pt too wide) in paragraph at lines 57--58
\OT1/cmr/m/n/10.95 mit-tels \OT1/cmtt/l/n/10.95 this.setScrollDirection(directi
on, no-de); \OT1/cmr/m/n/10.95 wie-der-her-ge-stellt wer-den. Wird
 []

[54] [55]
Package acronym Info: Label `acro:AT' newly defined as it shall be overridden
although it is yet undefined on input line 84.
Package acronym Info: Label `acro:ARIA' newly defined as it shall be overridden

although it is yet undefined on input line 84.
 [56] (kapitel6/listings/1-3.html)) [57]
(kapitel7/1-polymer-komponente.tex
chapter 7.
Package acronym Info: Label `acro:SPA' newly defined as it shall be overridden
although it is yet undefined on input line 8.
Package acronym Info: Label `acro:CLI' newly defined as it shall be overridden
although it is yet undefined on input line 18.

Overfull \hbox (5.7808pt too wide) in paragraph at lines 23--24
\OT1/cmtt/l/n/10.95 paper-tabs\OT1/cmr/m/n/10.95 , \OT1/cmtt/l/n/10.95 paper-to
olbar\OT1/cmr/m/n/10.95 , \OT1/cmtt/l/n/10.95 iron-pages\OT1/cmr/m/n/10.95 , \O
T1/cmtt/l/n/10.95 paper-drawer-panel\OT1/cmr/m/n/10.95 , \OT1/cmtt/l/n/10.95 pa
per-button\OT1/cmr/m/n/10.95 , \OT1/cmtt/l/n/10.95 paper-
 []

[58



] [59]
<kapitel7/bilder/1-multi-navigation-app.jpg, id=1952, 607.51968pt x 270.25969pt
>
File: kapitel7/bilder/1-multi-navigation-app.jpg Graphic file (type jpg)
 <use kapitel7/bilder/1-multi-navigation-app.jpg>
Package pdftex.def Info: kapitel7/bilder/1-multi-navigation-app.jpg used on inp
ut line 31.
(pdftex.def)             Requested size: 341.43306pt x 151.89285pt.
)
Overfull \hbox (81.88594pt too wide) in paragraph at lines 41--51
\OT1/cmr/m/n/10.95 ner kur-z-en Zeit wird sie von Bower er-fasst und ist un-ter
 der Adres-se \OT1/cmtt/l/n/10.95 http://bower.io/search/?q=multi-
 []

[60 <./kapitel7/bilder/1-multi-navigation-app.jpg>]
(kapitel7/2-angular-vergleich.tex
Overfull \hbox (18.65189pt too wide) in paragraph at lines 3--4
\OT1/cmr/m/n/10.95 Die mit Po-ly-mer in Ab-schnitt []7.1[] im-ple-men-tier-te M
ulti-Navigation-Application-Komponente
 []


Overfull \hbox (32.27617pt too wide) in paragraph at lines 3--4
\OT1/cmr/m/n/10.95 wird m[]oglichst []ahn-lich mit An-gu-lar nach-ge-baut (sie-
he \OT1/cmtt/l/n/10.95 https://github.com/glur4k/angular-
 []

Package acronym Info: Label `acro:MVVM' newly defined as it shall be overridden

although it is yet undefined on input line 8.

Overfull \hbox (7.44203pt too wide) in paragraph at lines 8--9
\OT1/cmr/m/n/10.95 AngularJS ist ein eben-falls von Goo-gle ent-wickel-tes, cli
-ent-sei-ti-ges Open-Source-JavaScript-
 []

<kapitel7/bilder/1-model-view-viewmodel.png, id=1968, 385.44pt x 468.75125pt>
File: kapitel7/bilder/1-model-view-viewmodel.png Graphic file (type png)

<use kapitel7/bilder/1-model-view-viewmodel.png>
Package pdftex.def Info: kapitel7/bilder/1-model-view-viewmodel.png used on inp
ut line 12.
(pdftex.def)             Requested size: 227.62204pt x 276.81833pt.
 [61


] [62 <./kapitel7/bilder/1-model-view-viewmodel.png>]) [63] (kapitel8/1-zukunft
sprognose.tex
chapter 8.
[64



]) [65] (kapitel9/anhang-a.tex
LaTeX Font Info:    Font shape `OT1/cmtt/bx/n' in size <10> not available
(Font)              Font shape `OT1/cmtt/m/n' tried instead on input line 11.


LaTeX Font Warning: Font shape `OMS/cmtt/bx/n' undefined
(Font)              using `OMS/cmtt/m/n' instead
(Font)              for symbol `textbraceleft' on input line 38.

[66



]) [67] (kapitel9/anhang-b.tex [68



]

LaTeX Font Warning: Font shape `OMS/cmtt/m/it' undefined
(Font)              using `OMS/cmtt/m/n' instead
(Font)              for symbol `textbraceleft' on input line 77.

[69] [70] [71] [72])
Overfull \hbox (17.44073pt too wide) in paragraph at lines 332--57
[]\OT1/cmr/m/it/10.95 Diese Kom-po-nen-te kann auch auf GitHub un-ter https://g
ithub.com/glur4k/multi-navigation-
 []


Overfull \hbox (53.43866pt too wide) in paragraph at lines 332--57
\OT1/cmr/m/it/10.95 app und in dem cu-sto-m-ele-ments.io Ele-men-te Ka-ta-log u
n-ter https://customelements.io/glur4k/multi-
 []

[73] [74] (glossary.tex) [6


pdfTeX warning (ext4): destination with the same identifier (name{MVC}) has bee
n already used, duplicate ignored

\@EveryShipout@Output ...@Org@Shipout \box \@cclv 
                                                  
l.66 \listoffigures
                   pdfTeX warning (ext4): destination with the same identifier 
(name{HTTP}) has been already used, duplicate ignored

\@EveryShipout@Output ...@Org@Shipout \box \@cclv 
                                                  
l.66 \listoffigures
                   ] (thesis.lof)
\tf@lof=\write8
 [7

] (thesis.lol)
\tf@lol=\write9
 [8

] (thesis.tdo)
\tf@tdo=\write10
 (thesis.bbl [9

]
chapter without number

Underfull \hbox (badness 3861) in paragraph at lines 4--8
[]\OT1/cmr/m/n/10.95 Bateman, C. (2014).  A No-Nonsense Gui-de to Web Com-
 []


Overfull \hbox (0.62683pt too wide) in paragraph at lines 10--13
\OT1/cmr/m/n/10.95 HTML.  http://www.html5rocks.com/en/tutorials/webcomponents/
customelements/. 
 []


Underfull \hbox (badness 2809) in paragraph at lines 20--23
[]\OT1/cmr/m/n/10.95 Bidelman, E. (2014).  Sha-dow DOM 201: CSS and Sty-ling.
 []


Underfull \hbox (badness 10000) in paragraph at lines 50--53
[]\OT1/cmr/m/n/10.95 Dodson, R. (2014).  Sha-dow DOM CSS Che-at Sheet.
 []


Underfull \hbox (badness 10000) in paragraph at lines 61--64
[]\OT1/cmr/m/n/10.95 Glazkov, D. (2015).  Cu-stom Ele-ments.
 []

[10

]
Underfull \hbox (badness 10000) in paragraph at lines 82--85
[]\OT1/cmr/m/n/10.95 Ihrig, C. (2012).  The Ba-sics of the Sha-dow DOM.
 []


Underfull \hbox (badness 5245) in paragraph at lines 87--90
[]\OT1/cmr/m/n/10.95 Kitamura, E. (2014a).  In-tro-duc-ti-on to Cu-stom Ele-men
ts.
 []


Underfull \hbox (badness 10000) in paragraph at lines 97--100
[]\OT1/cmr/m/n/10.95 Kitamura, E. (2015).  In-tro-duc-ti-on to HTML Im-ports.
 []


Underfull \hbox (badness 10000) in paragraph at lines 102--105
[]\OT1/cmr/m/n/10.95 Kr[]oner, P. (2014a).  Das Web der Zu-kunft.
 []


Underfull \hbox (badness 10000) in paragraph at lines 113--116
[]\OT1/cmr/m/n/10.95 Lewis, P. (2015).  Po-ly-mer for the Performance-obsessed.

 []


Underfull \hbox (badness 10000) in paragraph at lines 124--127
[]\OT1/cmr/m/n/10.95 MDN (2015b).  tem-pla-te - HTML.  htt-
 []


Underfull \hbox (badness 10000) in paragraph at lines 129--133
[]\OT1/cmr/m/n/10.95 Microsoft (web).  De-vel-oper Re-sources: Mi-cro-
 []


Underfull \hbox (badness 10000) in paragraph at lines 129--133
\OT1/cmr/m/n/10.95 soft Ed-ge Dev.  https://dev.windows.com/en-us/microsoft-
 []


Underfull \hbox (badness 10000) in paragraph at lines 135--138
[]\OT1/cmr/m/n/10.95 Mozilla (2015).  The state of Web Com-ponents.
 []


Underfull \hbox (badness 10000) in paragraph at lines 140--144
[]\OT1/cmr/m/n/10.95 Namics (2014).  Web Com-ponents: HTML Tem-pla-tes.
 []


Underfull \hbox (badness 2165) in paragraph at lines 151--156
[]\OT1/cmr/m/n/10.95 Perterkroener (2014).  Fra-gen zu HTML5 und Co be-ant-
 []


Underfull \hbox (badness 1194) in paragraph at lines 151--156
\OT1/cmr/m/n/10.95 Data-URLs.  http://www.peterkroener.de/fragen-zu-html5-und-c
o-beantwortet-15-
 []

[11]
Underfull \hbox (badness 1383) in paragraph at lines 163--167
[]\OT1/cmr/m/n/10.95 Polymer - Dev-Tools Ex-ten-si-on (web).  Dev-
 []


Underfull \hbox (badness 3009) in paragraph at lines 163--167
\OT1/cmr/m/n/10.95 Tools Ex-ten-si-on.  https://chrome.google.com/webstore/deta
il/polymer-devtools-
 []


Underfull \hbox (badness 10000) in paragraph at lines 180--183
[]\OT1/cmr/m/n/10.95 Polymer - Ge-stu-res (web).  Ge-stu-res.
 []


Underfull \hbox (badness 10000) in paragraph at lines 196--199
[]\OT1/cmr/m/n/10.95 Polymer - Vul-ca-ni-ze (web).  Vul-ca-ni-ze.  htt-
 []


Underfull \hbox (badness 10000) in paragraph at lines 212--215
[]\OT1/cmr/m/n/10.95 Sharp, R. (2010).  What is a Po-ly-fill?
 []


Underfull \hbox (badness 8056) in paragraph at lines 217--221
[]\OT1/cmr/m/n/10.95 Sutton, M. (2015).  No-tes On Client-Rendered Ac-ces-si-bi
-li-ty.
 []


Underfull \hbox (badness 10000) in paragraph at lines 239--242
[]\OT1/cmr/m/n/10.95 W3C (2014a).  Cross-Origin Re-sour-ce Sha-ring.
 []

[12]
Overfull \hbox (7.41943pt too wide) in paragraph at lines 244--247
[]\OT1/cmr/m/n/10.95 W3C (2014b).  HTML Tem-pla-tes.  http://www.w3.org/TR/html
5/scripting-
 []


Underfull \hbox (badness 7012) in paragraph at lines 249--252
[]\OT1/cmr/m/n/10.95 W3C (2014c).  The Ac-ces-si-bi-li-ty Tree and the DOM Tree
.
 []


Underfull \hbox (badness 10000) in paragraph at lines 269--272
[]\OT1/cmr/m/n/10.95 W3C (web).  In-tro-duc-ti-on to Web Ac-ces-si-bi-li-ty.  h
tt-
 []


Underfull \hbox (badness 3199) in paragraph at lines 274--277
[]\OT1/cmr/m/n/10.95 W3Techs (2015).  Usa-ge Sta-ti-stics of HTT-P/2 for Web-si
-tes.
 []


Underfull \hbox (badness 7099) in paragraph at lines 279--282
[]\OT1/cmr/m/n/10.95 WebComponents - Po-ly-fills (web).  Po-ly-fills.
 []


Underfull \hbox (badness 10000) in paragraph at lines 284--287
[]\OT1/cmr/m/n/10.95 WebComponents - web-com-ponents.js
 []


Underfull \hbox (badness 10000) in paragraph at lines 289--292
[]\OT1/cmr/m/n/10.95 WHATWG (web).  HTML Stan-dard.  htt-
 []

) [13]
Package atveryend Info: Empty hook `BeforeClearDocument' on input line 75.
Package atveryend Info: Empty hook `AfterLastShipout' on input line 75.
 (thesis.aux (htwg/cover.aux) (htwg/title.aux) (htwg/abstract.aux)
(htwg/affidavit.aux) (kapitel1/1-einleitung.aux) (kapitel2/1-problemloesung.aux
) (kapitel2/2-custom-elements.aux) (kapitel2/3-html-templates.aux)
(kapitel2/4-shadow-dom.aux) (kapitel2/5-html-imports.aux)
(kapitel2/6-polyfills.aux) (kapitel2/7-beispiel.aux) (kapitel3/1-polymer.aux)
(kapitel4/1-analogie.aux) (kapitel5/1-additional-sugar.aux)
(kapitel6/1-best-practices.aux) (kapitel7/1-polymer-komponente.aux)
(kapitel7/2-angular-vergleich.aux) (kapitel8/1-zukunftsprognose.aux)
(kapitel9/anhang-a.aux) (kapitel9/anhang-b.aux))
Package atveryend Info: Executing hook `AtVeryEndDocument' on input line 75.
Package atveryend Info: Executing hook `AtEndAfterFileList' on input line 75.
Package rerunfilecheck Info: File `thesis.out' has not changed.
(rerunfilecheck)             Checksum: DB1EE22C6E241B7B8ACE925E44E867A0;8621.


LaTeX Font Warning: Some font shapes were not available, defaults substituted.

Package atveryend Info: Empty hook `AtVeryVeryEnd' on input line 75.
 ) 
Here is how much of TeX's memory you used:
 24102 strings out of 493673
 441873 string characters out of 3141526
 683138 words of memory out of 3000000
 26114 multiletter control sequences out of 15000+200000
 15125 words of font info for 55 fonts, out of 3000000 for 9000
 1025 hyphenation exceptions out of 8191
 76i,9n,100p,2665b,1969s stack positions out of 5000i,500n,10000p,200000b,50000s
<C:/Program Files (x86)/MiKTeX 2.9/fonts/type1/public/amsfonts/cm/cmbx10.pfb>
<C:/Program Files (x86)/MiKTeX 2.9/fonts/type1/public/amsfonts/cm/cmbx12.pfb><C
:/Program Files (x86)/MiKTeX 2.9/fonts/type1/public/amsfonts/cm/cmbx9.pfb><C:/P
rogram Files (x86)/MiKTeX 2.9/fonts/type1/public/amsfonts/cm/cmitt10.pfb><C:/Pr
ogram Files (x86)/MiKTeX 2.9/fonts/type1/public/amsfonts/cm/cmmi10.pfb><C:/Prog
ram Files (x86)/MiKTeX 2.9/fonts/type1/public/amsfonts/cm/cmmi12.pfb><C:/Progra
m Files (x86)/MiKTeX 2.9/fonts/type1/public/amsfonts/cm/cmmi9.pfb><C:/Program F
iles (x86)/MiKTeX 2.9/fonts/type1/public/amsfonts/cm/cmr10.pfb><C:/Program File
s (x86)/MiKTeX 2.9/fonts/type1/public/amsfonts/cm/cmr9.pfb><C:/Program Files (x
86)/MiKTeX 2.9/fonts/type1/public/amsfonts/cm/cmss12.pfb><C:/Program Files (x86
)/MiKTeX 2.9/fonts/type1/public/amsfonts/cm/cmss17.pfb><C:/Program Files (x86)/
MiKTeX 2.9/fonts/type1/public/amsfonts/cm/cmssbx10.pfb><C:/Program Files (x86)/
MiKTeX 2.9/fonts/type1/public/amsfonts/cm/cmsy10.pfb><C:/Program Files (x86)/Mi
KTeX 2.9/fonts/type1/public/amsfonts/cm/cmsy9.pfb><C:/Program Files (x86)/MiKTe
X 2.9/fonts/type1/public/amsfonts/cm/cmti10.pfb><C:/Program Files (x86)/MiKTeX 
2.9/fonts/type1/public/amsfonts/cm/cmti9.pfb><C:/Program Files (x86)/MiKTeX 2.9
/fonts/type1/public/amsfonts/cm/cmtt10.pfb><C:/Program Files (x86)/MiKTeX 2.9/f
onts/type1/public/amsfonts/cm/cmtt12.pfb><C:/Program Files (x86)/MiKTeX 2.9/fon
ts/type1/public/amsfonts/cm/cmtt9.pfb>
Output written on thesis.pdf (90 pages, 2006997 bytes).
PDF statistics:
 2352 PDF objects out of 2487 (max. 8388607)
 667 named destinations out of 1000 (max. 500000)
 992 words of extra memory for PDF output out of 10000 (max. 10000000)

